[debug] [2021-01-21T13:54:50.186Z] ----------------------------------------------------------------------
[debug] [2021-01-21T13:54:50.188Z] Command:       C:\Program Files\nodejs\node.exe C:\Users\SS4A\AppData\Roaming\npm\node_modules\firebase-tools\lib\bin\firebase.js emulators:start
[debug] [2021-01-21T13:54:50.188Z] CLI Version:   9.2.1
[debug] [2021-01-21T13:54:50.188Z] Platform:      win32
[debug] [2021-01-21T13:54:50.188Z] Node Version:  v12.18.4
[debug] [2021-01-21T13:54:50.189Z] Time:          Thu Jan 21 2021 13:54:50 GMT+0000 (Greenwich Mean Time)
[debug] [2021-01-21T13:54:50.189Z] ----------------------------------------------------------------------
[debug] [2021-01-21T13:54:50.189Z] 
[debug] [2021-01-21T13:54:50.196Z] > command requires scopes: ["email","openid","https://www.googleapis.com/auth/cloudplatformprojects.readonly","https://www.googleapis.com/auth/firebase","https://www.googleapis.com/auth/cloud-platform"]
[debug] [2021-01-21T13:54:50.196Z] > authorizing via signed-in user
[info] i  emulators: Starting emulators: functions, hosting {"metadata":{"emulator":{"name":"hub"},"message":"Starting emulators: functions, hosting"}}
[debug] [2021-01-21T13:54:52.227Z] [hub] writing locator at C:\Users\SS4A\AppData\Local\Temp\hub-clone-robg.json
[warn] !  functions: The following emulators are not running, calls to these services from the Functions emulator will affect production: auth, firestore, database, pubsub {"metadata":{"emulator":{"name":"functions"},"message":"The following emulators are not running, calls to these services from the Functions emulator will affect production: \u001b[1mauth, firestore, database, pubsub\u001b[22m"}}
[info] +  functions: Using node@12 from host. {"metadata":{"emulator":{"name":"functions"},"message":"Using node@12 from host."}}
[debug] [2021-01-21T13:54:54.262Z] defaultcredentials: writing to file C:\Users\SS4A\AppData\Roaming\firebase\rob_s3studios_co.uk_application_default_credentials.json
[debug] [2021-01-21T13:54:54.264Z] Setting GAC to C:\Users\SS4A\AppData\Roaming\firebase\rob_s3studios_co.uk_application_default_credentials.json {"metadata":{"emulator":{"name":"functions"},"message":"Setting GAC to C:\\Users\\SS4A\\AppData\\Roaming\\firebase\\rob_s3studios_co.uk_application_default_credentials.json"}}
[debug] [2021-01-21T13:54:54.266Z] >>> [apiv2][query] GET https://firebase.googleapis.com/v1beta1/projects/clone-robg/adminSdkConfig [none]
[debug] [2021-01-21T13:54:54.590Z] <<< [apiv2][status] GET https://firebase.googleapis.com/v1beta1/projects/clone-robg/adminSdkConfig 200
[debug] [2021-01-21T13:54:54.590Z] <<< [apiv2][body] GET https://firebase.googleapis.com/v1beta1/projects/clone-robg/adminSdkConfig {"projectId":"clone-robg","storageBucket":"clone-robg.appspot.com","locationId":"europe-west"}
[debug] [2021-01-21T13:54:56.607Z] >>> [apiv2][query] GET https://firebase.googleapis.com/v1beta1/projects/clone-robg/webApps/-/config [none]
[debug] [2021-01-21T13:54:57.370Z] <<< [apiv2][status] GET https://firebase.googleapis.com/v1beta1/projects/clone-robg/webApps/-/config 200
[debug] [2021-01-21T13:54:57.370Z] <<< [apiv2][body] GET https://firebase.googleapis.com/v1beta1/projects/clone-robg/webApps/-/config {"projectId":"clone-robg","appId":"1:934854555820:web:ae02725ff111a74edc4709","storageBucket":"clone-robg.appspot.com","locationId":"europe-west","apiKey":"AIzaSyDpMXR7KIsNxKEVNLbBmww-qk_FtMur2HY","authDomain":"clone-robg.firebaseapp.com","messagingSenderId":"934854555820"}
[info] i  hosting: Serving hosting files from: build {"metadata":{"emulator":{"name":"hosting"},"message":"Serving hosting files from: \u001b[1mbuild\u001b[22m"}}
[info] +  hosting: Local server: http://localhost:5000 {"metadata":{"emulator":{"name":"hosting"},"message":"Local server: \u001b[4m\u001b[1mhttp://localhost:5000\u001b[22m\u001b[24m"}}
[debug] [2021-01-21T13:55:01.408Z] Ignoring unsupported arg: auto_download {"metadata":{"emulator":{"name":"ui"},"message":"Ignoring unsupported arg: auto_download"}}
[debug] [2021-01-21T13:55:01.408Z] Ignoring unsupported arg: port {"metadata":{"emulator":{"name":"ui"},"message":"Ignoring unsupported arg: port"}}
[debug] [2021-01-21T13:55:01.408Z] Starting Emulator UI with command {"binary":"node","args":["C:\\Users\\SS4A\\.cache\\firebase\\emulators\\ui-v1.4.1\\server.bundle.js"],"optionalArgs":[],"joinArgs":false} {"metadata":{"emulator":{"name":"ui"},"message":"Starting Emulator UI with command {\"binary\":\"node\",\"args\":[\"C:\\\\Users\\\\SS4A\\\\.cache\\\\firebase\\\\emulators\\\\ui-v1.4.1\\\\server.bundle.js\"],\"optionalArgs\":[],\"joinArgs\":false}"}}
[info] i  ui: Emulator UI logging to ui-debug.log {"metadata":{"emulator":{"name":"ui"},"message":"Emulator UI logging to \u001b[1mui-debug.log\u001b[22m"}}
[debug] [2021-01-21T13:55:01.524Z] Web / API server started at http://localhost:4000
 {"metadata":{"emulator":{"name":"ui"},"message":"Web / API server started at http://localhost:4000\n"}}
[info] i  functions: Watching "C:\Users\SS4A\Desktop\Software-Dev-Work\dev\react-projects\amazon-clone\functions" for Cloud Functions... {"metadata":{"emulator":{"name":"functions"},"message":"Watching \"C:\\Users\\SS4A\\Desktop\\Software-Dev-Work\\dev\\react-projects\\amazon-clone\\functions\" for Cloud Functions..."}}
[debug] [2021-01-21T13:55:01.938Z] [worker-pool] addWorker(~diagnostic~) {"metadata":{"emulator":{"name":"functions"},"message":"[worker-pool] addWorker(~diagnostic~)"}}
[debug] [2021-01-21T13:55:01.938Z] [worker-pool] Adding worker with key ~diagnostic~, total=1 {"metadata":{"emulator":{"name":"functions"},"message":"[worker-pool] Adding worker with key ~diagnostic~, total=1"}}
[debug] [2021-01-21T13:55:01.939Z] [worker-pool] submitWork(triggerId=) {"metadata":{"emulator":{"name":"functions"},"message":"[worker-pool] submitWork(triggerId=)"}}
[debug] [2021-01-21T13:55:01.939Z] [worker-~diagnostic~-0d220302-ed9f-4ddf-976f-373ffedbed2c]: Assigning socketPath: \\?\pipe\C:\Users\SS4A\Desktop\Software-Dev-Work\dev\react-projects\amazon-clone\functions\15304 {"metadata":{"emulator":{"name":"functions"},"message":"[worker-~diagnostic~-0d220302-ed9f-4ddf-976f-373ffedbed2c]: Assigning socketPath: \\\\?\\pipe\\C:\\Users\\SS4A\\Desktop\\Software-Dev-Work\\dev\\react-projects\\amazon-clone\\functions\\15304"}}
[debug] [2021-01-21T13:55:01.939Z] [worker-~diagnostic~-0d220302-ed9f-4ddf-976f-373ffedbed2c]: BUSY {"metadata":{"emulator":{"name":"functions"},"message":"[worker-~diagnostic~-0d220302-ed9f-4ddf-976f-373ffedbed2c]: BUSY"}}
